mode: atomic
github.com/sotarok/gw/internal/ui/selector.go:59.42,61.2 1 0
github.com/sotarok/gw/internal/ui/selector.go:63.68,64.27 1 0
github.com/sotarok/gw/internal/ui/selector.go:65.18,66.10 1 0
github.com/sotarok/gw/internal/ui/selector.go:67.34,68.20 1 0
github.com/sotarok/gw/internal/ui/selector.go:68.20,70.5 1 0
github.com/sotarok/gw/internal/ui/selector.go:71.36,72.37 1 0
github.com/sotarok/gw/internal/ui/selector.go:72.37,74.5 1 0
github.com/sotarok/gw/internal/ui/selector.go:75.38,77.22 2 0
github.com/sotarok/gw/internal/ui/selector.go:78.36,79.22 1 0
github.com/sotarok/gw/internal/ui/selector.go:82.2,82.15 1 0
github.com/sotarok/gw/internal/ui/selector.go:85.41,86.18 1 0
github.com/sotarok/gw/internal/ui/selector.go:86.18,88.3 1 0
github.com/sotarok/gw/internal/ui/selector.go:90.2,90.27 1 0
github.com/sotarok/gw/internal/ui/selector.go:90.27,92.3 1 0
github.com/sotarok/gw/internal/ui/selector.go:94.2,97.33 3 0
github.com/sotarok/gw/internal/ui/selector.go:97.33,99.20 2 0
github.com/sotarok/gw/internal/ui/selector.go:99.20,101.4 1 0
github.com/sotarok/gw/internal/ui/selector.go:103.3,105.22 2 0
github.com/sotarok/gw/internal/ui/selector.go:105.22,107.4 1 0
github.com/sotarok/gw/internal/ui/selector.go:109.3,110.20 2 0
github.com/sotarok/gw/internal/ui/selector.go:110.20,112.4 1 0
github.com/sotarok/gw/internal/ui/selector.go:113.3,113.19 1 0
github.com/sotarok/gw/internal/ui/selector.go:113.19,115.21 2 0
github.com/sotarok/gw/internal/ui/selector.go:115.21,117.5 1 0
github.com/sotarok/gw/internal/ui/selector.go:120.3,120.43 1 0
github.com/sotarok/gw/internal/ui/selector.go:123.2,126.19 3 0
github.com/sotarok/gw/internal/ui/selector.go:130.31,133.2 2 0
github.com/sotarok/gw/internal/ui/selector.go:136.50,138.16 2 0
github.com/sotarok/gw/internal/ui/selector.go:138.16,140.3 1 0
github.com/sotarok/gw/internal/ui/selector.go:142.2,142.25 1 0
github.com/sotarok/gw/internal/ui/selector.go:142.25,144.3 1 0
github.com/sotarok/gw/internal/ui/selector.go:147.2,148.31 2 0
github.com/sotarok/gw/internal/ui/selector.go:148.31,152.45 2 0
github.com/sotarok/gw/internal/ui/selector.go:152.45,154.4 1 0
github.com/sotarok/gw/internal/ui/selector.go:157.2,157.33 1 0
github.com/sotarok/gw/internal/ui/selector.go:157.33,159.3 1 0
github.com/sotarok/gw/internal/ui/selector.go:161.2,168.16 4 0
github.com/sotarok/gw/internal/ui/selector.go:168.16,170.3 1 0
github.com/sotarok/gw/internal/ui/selector.go:172.2,173.27 2 0
github.com/sotarok/gw/internal/ui/selector.go:173.27,175.3 1 0
github.com/sotarok/gw/internal/ui/selector.go:177.2,177.28 1 0
github.com/sotarok/gw/main.go:16.13,20.38 2 0
github.com/sotarok/gw/main.go:20.38,22.3 1 0
github.com/sotarok/gw/cmd/end.go:29.13,32.2 2 0
github.com/sotarok/gw/cmd/end.go:34.54,39.20 4 0
github.com/sotarok/gw/cmd/end.go:39.20,44.17 3 0
github.com/sotarok/gw/cmd/end.go:44.17,46.4 1 0
github.com/sotarok/gw/cmd/end.go:49.3,50.21 2 0
github.com/sotarok/gw/cmd/end.go:50.21,52.4 1 0
github.com/sotarok/gw/cmd/end.go:53.3,54.27 2 0
github.com/sotarok/gw/cmd/end.go:55.8,60.17 3 0
github.com/sotarok/gw/cmd/end.go:60.17,62.4 1 0
github.com/sotarok/gw/cmd/end.go:63.3,64.28 2 0
github.com/sotarok/gw/cmd/end.go:67.2,67.23 1 0
github.com/sotarok/gw/cmd/end.go:67.23,69.3 1 0
github.com/sotarok/gw/cmd/end.go:71.2,75.16 3 0
github.com/sotarok/gw/cmd/end.go:75.16,77.3 1 0
github.com/sotarok/gw/cmd/end.go:79.2,79.47 1 0
github.com/sotarok/gw/cmd/end.go:79.47,81.3 1 0
github.com/sotarok/gw/cmd/end.go:84.2,84.15 1 0
github.com/sotarok/gw/cmd/end.go:84.15,89.17 3 0
github.com/sotarok/gw/cmd/end.go:89.17,91.4 1 0
github.com/sotarok/gw/cmd/end.go:91.9,91.24 1 0
github.com/sotarok/gw/cmd/end.go:91.24,93.4 1 0
github.com/sotarok/gw/cmd/end.go:96.3,97.17 2 0
github.com/sotarok/gw/cmd/end.go:97.17,99.4 1 0
github.com/sotarok/gw/cmd/end.go:99.9,99.25 1 0
github.com/sotarok/gw/cmd/end.go:99.25,101.4 1 0
github.com/sotarok/gw/cmd/end.go:104.3,105.17 2 0
github.com/sotarok/gw/cmd/end.go:105.17,107.4 1 0
github.com/sotarok/gw/cmd/end.go:107.9,107.23 1 0
github.com/sotarok/gw/cmd/end.go:107.23,109.4 1 0
github.com/sotarok/gw/cmd/end.go:112.3,112.24 1 0
github.com/sotarok/gw/cmd/end.go:112.24,114.37 2 0
github.com/sotarok/gw/cmd/end.go:114.37,116.5 1 0
github.com/sotarok/gw/cmd/end.go:118.4,121.18 4 0
github.com/sotarok/gw/cmd/end.go:121.18,123.5 1 0
github.com/sotarok/gw/cmd/end.go:125.4,126.44 2 0
github.com/sotarok/gw/cmd/end.go:126.44,129.5 2 0
github.com/sotarok/gw/cmd/end.go:134.2,134.46 1 0
github.com/sotarok/gw/cmd/end.go:134.46,136.3 1 0
github.com/sotarok/gw/cmd/end.go:138.2,141.23 2 0
github.com/sotarok/gw/cmd/end.go:141.23,143.64 1 0
github.com/sotarok/gw/cmd/end.go:143.64,145.4 1 0
github.com/sotarok/gw/cmd/end.go:146.8,148.57 1 0
github.com/sotarok/gw/cmd/end.go:148.57,150.4 1 0
github.com/sotarok/gw/cmd/end.go:153.2,154.12 2 0
github.com/sotarok/gw/cmd/root.go:24.22,26.2 1 0
github.com/sotarok/gw/cmd/root.go:28.37,33.2 4 0
github.com/sotarok/gw/cmd/root.go:35.13,39.2 2 0
github.com/sotarok/gw/cmd/start.go:23.13,25.2 1 0
github.com/sotarok/gw/cmd/start.go:27.56,31.19 3 0
github.com/sotarok/gw/cmd/start.go:31.19,33.3 1 0
github.com/sotarok/gw/cmd/start.go:36.2,36.28 1 0
github.com/sotarok/gw/cmd/start.go:36.28,38.3 1 0
github.com/sotarok/gw/cmd/start.go:41.2,41.62 1 0
github.com/sotarok/gw/cmd/start.go:41.62,43.3 1 0
github.com/sotarok/gw/cmd/start.go:45.2,49.16 3 0
github.com/sotarok/gw/cmd/start.go:49.16,51.3 1 0
github.com/sotarok/gw/cmd/start.go:53.2,56.47 2 0
github.com/sotarok/gw/cmd/start.go:56.47,58.3 1 0
github.com/sotarok/gw/cmd/start.go:60.2,63.54 2 0
github.com/sotarok/gw/cmd/start.go:63.54,66.3 1 0
github.com/sotarok/gw/cmd/start.go:68.2,69.12 2 0
github.com/sotarok/gw/internal/detect/package.go:62.60,72.2 3 9
github.com/sotarok/gw/internal/detect/package.go:75.64,77.71 1 10
github.com/sotarok/gw/internal/detect/package.go:77.71,79.38 1 5
github.com/sotarok/gw/internal/detect/package.go:79.38,80.72 1 20
github.com/sotarok/gw/internal/detect/package.go:80.72,81.71 1 12
github.com/sotarok/gw/internal/detect/package.go:81.71,84.6 1 3
github.com/sotarok/gw/internal/detect/package.go:88.3,88.53 1 2
github.com/sotarok/gw/internal/detect/package.go:92.2,92.37 1 5
github.com/sotarok/gw/internal/detect/package.go:92.37,93.71 1 26
github.com/sotarok/gw/internal/detect/package.go:93.71,94.70 1 11
github.com/sotarok/gw/internal/detect/package.go:94.70,97.5 1 4
github.com/sotarok/gw/internal/detect/package.go:101.2,101.62 1 1
github.com/sotarok/gw/internal/detect/package.go:105.33,107.16 2 0
github.com/sotarok/gw/internal/detect/package.go:107.16,111.3 2 0
github.com/sotarok/gw/internal/detect/package.go:113.2,120.34 6 0
github.com/sotarok/gw/internal/detect/package.go:120.34,122.3 1 0
github.com/sotarok/gw/internal/detect/package.go:124.2,125.12 2 0
github.com/sotarok/gw/internal/git/repository.go:11.42,14.16 3 2
github.com/sotarok/gw/internal/git/repository.go:14.16,16.3 1 1
github.com/sotarok/gw/internal/git/repository.go:18.2,19.37 2 1
github.com/sotarok/gw/internal/git/repository.go:23.29,27.2 3 2
github.com/sotarok/gw/internal/git/repository.go:30.41,33.16 3 2
github.com/sotarok/gw/internal/git/repository.go:33.16,35.3 1 0
github.com/sotarok/gw/internal/git/repository.go:37.2,37.47 1 2
github.com/sotarok/gw/internal/git/status.go:10.44,13.16 3 3
github.com/sotarok/gw/internal/git/status.go:13.16,15.3 1 0
github.com/sotarok/gw/internal/git/status.go:17.2,17.53 1 3
github.com/sotarok/gw/internal/git/status.go:21.41,23.16 2 0
github.com/sotarok/gw/internal/git/status.go:23.16,25.3 1 0
github.com/sotarok/gw/internal/git/status.go:28.2,29.34 2 0
github.com/sotarok/gw/internal/git/status.go:29.34,32.3 1 0
github.com/sotarok/gw/internal/git/status.go:35.2,37.16 3 0
github.com/sotarok/gw/internal/git/status.go:37.16,39.3 1 0
github.com/sotarok/gw/internal/git/status.go:41.2,42.26 2 0
github.com/sotarok/gw/internal/git/status.go:46.58,48.16 2 0
github.com/sotarok/gw/internal/git/status.go:48.16,50.3 1 0
github.com/sotarok/gw/internal/git/status.go:53.2,54.34 2 0
github.com/sotarok/gw/internal/git/status.go:54.34,56.3 1 0
github.com/sotarok/gw/internal/git/status.go:59.2,61.16 3 0
github.com/sotarok/gw/internal/git/status.go:61.16,63.3 1 0
github.com/sotarok/gw/internal/git/status.go:65.2,68.34 3 0
github.com/sotarok/gw/internal/git/status.go:68.34,69.45 1 0
github.com/sotarok/gw/internal/git/status.go:69.45,71.4 1 0
github.com/sotarok/gw/internal/git/status.go:74.2,74.19 1 0
github.com/sotarok/gw/internal/git/worktree.go:21.69,22.24 1 0
github.com/sotarok/gw/internal/git/worktree.go:22.24,24.3 1 0
github.com/sotarok/gw/internal/git/worktree.go:26.2,27.16 2 0
github.com/sotarok/gw/internal/git/worktree.go:27.16,29.3 1 0
github.com/sotarok/gw/internal/git/worktree.go:32.2,40.34 6 0
github.com/sotarok/gw/internal/git/worktree.go:40.34,42.3 1 0
github.com/sotarok/gw/internal/git/worktree.go:45.2,46.16 2 0
github.com/sotarok/gw/internal/git/worktree.go:46.16,48.3 1 0
github.com/sotarok/gw/internal/git/worktree.go:50.2,50.21 1 0
github.com/sotarok/gw/internal/git/worktree.go:54.47,55.24 1 0
github.com/sotarok/gw/internal/git/worktree.go:55.24,57.3 1 0
github.com/sotarok/gw/internal/git/worktree.go:59.2,60.16 2 0
github.com/sotarok/gw/internal/git/worktree.go:60.16,62.3 1 0
github.com/sotarok/gw/internal/git/worktree.go:64.2,65.42 2 0
github.com/sotarok/gw/internal/git/worktree.go:69.54,70.24 1 0
github.com/sotarok/gw/internal/git/worktree.go:70.24,72.3 1 0
github.com/sotarok/gw/internal/git/worktree.go:75.2,79.34 4 0
github.com/sotarok/gw/internal/git/worktree.go:79.34,81.3 1 0
github.com/sotarok/gw/internal/git/worktree.go:83.2,83.12 1 0
github.com/sotarok/gw/internal/git/worktree.go:87.46,90.16 3 0
github.com/sotarok/gw/internal/git/worktree.go:90.16,92.3 1 0
github.com/sotarok/gw/internal/git/worktree.go:94.2,98.29 4 0
github.com/sotarok/gw/internal/git/worktree.go:98.29,99.43 1 0
github.com/sotarok/gw/internal/git/worktree.go:99.43,100.26 1 0
github.com/sotarok/gw/internal/git/worktree.go:100.26,102.5 1 0
github.com/sotarok/gw/internal/git/worktree.go:103.4,105.5 1 0
github.com/sotarok/gw/internal/git/worktree.go:106.9,106.46 1 0
github.com/sotarok/gw/internal/git/worktree.go:106.46,108.4 1 0
github.com/sotarok/gw/internal/git/worktree.go:108.9,108.48 1 0
github.com/sotarok/gw/internal/git/worktree.go:108.48,113.4 3 0
github.com/sotarok/gw/internal/git/worktree.go:113.9,113.32 1 0
github.com/sotarok/gw/internal/git/worktree.go:113.32,115.4 1 0
github.com/sotarok/gw/internal/git/worktree.go:115.9,115.46 1 0
github.com/sotarok/gw/internal/git/worktree.go:115.46,118.4 2 0
github.com/sotarok/gw/internal/git/worktree.go:121.2,121.24 1 0
github.com/sotarok/gw/internal/git/worktree.go:121.24,123.3 1 0
github.com/sotarok/gw/internal/git/worktree.go:126.2,127.16 2 0
github.com/sotarok/gw/internal/git/worktree.go:127.16,128.28 1 0
github.com/sotarok/gw/internal/git/worktree.go:128.28,129.67 1 0
github.com/sotarok/gw/internal/git/worktree.go:129.67,130.40 1 0
github.com/sotarok/gw/internal/git/worktree.go:130.40,132.11 2 0
github.com/sotarok/gw/internal/git/worktree.go:138.2,138.23 1 0
github.com/sotarok/gw/internal/git/worktree.go:142.69,144.16 2 0
github.com/sotarok/gw/internal/git/worktree.go:144.16,146.3 1 0
github.com/sotarok/gw/internal/git/worktree.go:148.2,151.16 3 0
github.com/sotarok/gw/internal/git/worktree.go:151.16,153.3 1 0
github.com/sotarok/gw/internal/git/worktree.go:155.2,155.31 1 0
github.com/sotarok/gw/internal/git/worktree.go:155.31,156.44 1 0
github.com/sotarok/gw/internal/git/worktree.go:156.44,158.4 1 0
github.com/sotarok/gw/internal/git/worktree.go:161.2,161.72 1 0
